OnPlaceLoader.vshost.exe Information: 0 : >>> INICIO <<<

OnPlaceLoader.vshost.exe Information: 0 : ================================
OnPlaceLoader.vshost.exe Information: 0 : Descarga: True
OnPlaceLoader.vshost.exe Information: 0 : Cliente: Diadema
OnPlaceLoader.vshost.exe Information: 0 : Servidor: str-server-003
OnPlaceLoader.vshost.exe Information: 0 : Database: OnPlaceSaned_Movimento
OnPlaceLoader.vshost.exe Information: 0 : Username: 
OnPlaceLoader.vshost.exe Information: 0 : Password: ******
OnPlaceLoader.vshost.exe Information: 0 : Roteiro: -1
OnPlaceLoader.vshost.exe Information: 0 : Referência: 
OnPlaceLoader.vshost.exe Information: 0 : Target: OnPlace.sdf
OnPlaceLoader.vshost.exe Information: 0 : ================================

OnPlaceLoader.vshost.exe Information: 0 : Configurando conexão do banco de dados de movel
OnPlaceLoader.vshost.exe Error: 0 : The database file cannot be found. Check the path to the database. [ File name = OnPlace.sdf ]
   em System.Data.SqlServerCe.SqlCeConnection.ProcessResults(Int32 hr)
   em System.Data.SqlServerCe.SqlCeConnection.Open(Boolean silent)
   em System.Data.SqlServerCe.SqlCeConnection.Open()
   em OnPlaceLoader.Controladores.Controlador.SetupDatabaseMobile() na D:\_Diadema\OnPlaceProj\OnPlaceLoader\Controladores\Controlador.cs:linha 137
   em OnPlaceLoader.Controladores.ControladorUploader.ExecutarOutros() na D:\_Diadema\OnPlaceProj\OnPlaceLoader\Controladores\ControladorUploader.cs:linha 16
   em OnPlaceLoader.Controladores.Controlador.Executar() na D:\_Diadema\OnPlaceProj\OnPlaceLoader\Controladores\Controlador.cs:linha 64
OnPlaceLoader.vshost.exe Information: 0 : >>> FIM <<<


