

***********************************************************************
Fatal NI connect error 6413, connecting to:
 (DESCRIPTION=(ADDRESS_LIST=(ADDRESS=(PROTOCOL=TCP)(HOST=thor)(PORT=1521)))(CONNECT_DATA=(SERVICE_NAME=ora10)(CID=(PROGRAM=C:\Program Files (x86)\Common Files\Microsoft Shared\DevServer\9.0\WebDev.WebServer.exe)(HOST=CLIENTE-PC)(USER=igor))))

  VERSION INFORMATION:
	TNS for 32-bit Windows: Version 10.2.0.1.0 - Production
  Time: 10-NOV-2010 10:20:45
  Tracing not turned on.


***********************************************************************
Fatal NI connect error 6413, connecting to:
 (DESCRIPTION=(ADDRESS_LIST=(ADDRESS=(PROTOCOL=TCP)(HOST=thor)(PORT=1521)))(CONNECT_DATA=(SERVICE_NAME=ora10)(CID=(PROGRAM=C:\Program Files (x86)\Common Files\Microsoft Shared\DevServer\9.0\WebDev.WebServer.exe)(HOST=CLIENTE-PC)(USER=igor))))

  VERSION INFORMATION:
	TNS for 32-bit Windows: Version 10.2.0.1.0 - Production
  Time: 10-NOV-2010 10:24:58
  Tracing not turned on.


***********************************************************************
Fatal NI connect error 6413, connecting to:
 (DESCRIPTION=(ADDRESS_LIST=(ADDRESS=(PROTOCOL=TCP)(HOST=192.168.1.52)(PORT=1521)))(CONNECT_DATA=(SERVICE_NAME=ora10)(CID=(PROGRAM=C:\Program Files (x86)\Common Files\Microsoft Shared\DevServer\9.0\WebDev.WebServer.exe)(HOST=CLIENTE-PC)(USER=igor))))

  VERSION INFORMATION:
	TNS for 32-bit Windows: Version 10.2.0.1.0 - Production
  Time: 10-NOV-2010 10:30:30
  Tracing not turned on.


***********************************************************************
Fatal NI connect error 6413, connecting to:
 (DESCRIPTION=(ADDRESS_LIST=(ADDRESS=(PROTOCOL=TCP)(HOST=192.168.1.52)(PORT=1521)))(CONNECT_DATA=(SERVICE_NAME=ora10)(CID=(PROGRAM=C:\Program Files (x86)\Common Files\Microsoft Shared\DevServer\9.0\WebDev.WebServer.exe)(HOST=CLIENTE-PC)(USER=igor))))

  VERSION INFORMATION:
	TNS for 32-bit Windows: Version 10.2.0.1.0 - Production
  Time: 10-NOV-2010 10:31:18
  Tracing not turned on.


***********************************************************************
Fatal NI connect error 6413, connecting to:
 (DESCRIPTION=(ADDRESS_LIST=(ADDRESS=(PROTOCOL=TCP)(HOST=192.168.1.52)(PORT=1521)))(CONNECT_DATA=(SERVICE_NAME=ora10)(CID=(PROGRAM=C:\Program Files (x86)\Common Files\Microsoft Shared\DevServer\9.0\WebDev.WebServer.exe)(HOST=CLIENTE-PC)(USER=igor))))

  VERSION INFORMATION:
	TNS for 32-bit Windows: Version 10.2.0.1.0 - Production
  Time: 10-NOV-2010 10:32:54
  Tracing not turned on.


***********************************************************************
Fatal NI connect error 6413, connecting to:
 (DESCRIPTION=(ADDRESS_LIST=(ADDRESS=(PROTOCOL=TCP)(HOST=192.168.1.52)(PORT=1521)))(CONNECT_DATA=(SERVICE_NAME=ora10)(CID=(PROGRAM=C:\Program Files (x86)\Common Files\Microsoft Shared\DevServer\9.0\WebDev.WebServer.exe)(HOST=CLIENTE-PC)(USER=igor))))

  VERSION INFORMATION:
	TNS for 32-bit Windows: Version 10.2.0.1.0 - Production
  Time: 10-NOV-2010 10:33:55
  Tracing not turned on.


***********************************************************************
Fatal NI connect error 6413, connecting to:
 (DESCRIPTION=(ADDRESS_LIST=(ADDRESS=(PROTOCOL=TCP)(HOST=192.168.1.52)(PORT=1521)))(CONNECT_DATA=(SERVICE_NAME=ora10)(CID=(PROGRAM=C:\Program Files (x86)\Common Files\Microsoft Shared\DevServer\9.0\WebDev.WebServer.exe)(HOST=CLIENTE-PC)(USER=igor))))

  VERSION INFORMATION:
	TNS for 32-bit Windows: Version 10.2.0.1.0 - Production
  Time: 10-NOV-2010 10:39:29
  Tracing not turned on.


***********************************************************************
Fatal NI connect error 6413, connecting to:
 (DESCRIPTION=(ADDRESS_LIST=(ADDRESS=(PROTOCOL=TCP)(HOST=192.168.1.52)(PORT=1521)))(CONNECT_DATA=(SERVICE_NAME=ora10)(CID=(PROGRAM=C:\Program Files (x86)\Common Files\Microsoft Shared\DevServer\9.0\WebDev.WebServer.exe)(HOST=CLIENTE-PC)(USER=igor))))

  VERSION INFORMATION:
	TNS for 32-bit Windows: Version 10.2.0.1.0 - Production
  Time: 10-NOV-2010 10:43:04
  Tracing not turned on.


***********************************************************************
Fatal NI connect error 6413, connecting to:
 (DESCRIPTION=(ADDRESS_LIST=(ADDRESS=(PROTOCOL=TCP)(HOST=192.168.1.52)(PORT=1521)))(CONNECT_DATA=(SERVICE_NAME=ora10)(CID=(PROGRAM=C:\Program Files (x86)\Common Files\Microsoft Shared\DevServer\9.0\WebDev.WebServer.exe)(HOST=CLIENTE-PC)(USER=igor))))

  VERSION INFORMATION:
	TNS for 32-bit Windows: Version 10.2.0.1.0 - Production
  Time: 10-NOV-2010 10:44:09
  Tracing not turned on.


***********************************************************************
Fatal NI connect error 6413, connecting to:
 (DESCRIPTION=(ADDRESS_LIST=(ADDRESS=(PROTOCOL=TCP)(HOST=192.168.1.52)(PORT=1521)))(CONNECT_DATA=(SERVICE_NAME=ora10)(CID=(PROGRAM=C:\Program Files (x86)\Common Files\Microsoft Shared\DevServer\9.0\WebDev.WebServer.exe)(HOST=CLIENTE-PC)(USER=igor))))

  VERSION INFORMATION:
	TNS for 32-bit Windows: Version 10.2.0.1.0 - Production
  Time: 10-NOV-2010 10:45:01
  Tracing not turned on.
